FP	TP
0	0
6.28E-07	1.45E-05
1.69E-06	3.22E-05
2.00E-06	5.06E-05
4.27E-06	6.50E-05
6.23E-06	8.77E-05
7.84E-06	0.000111358
1.08E-05	0.000134301
1.12E-05	0.000161897
1.39E-05	0.00019068
1.52E-05	0.00022385
1.70E-05	0.000248709
2.04E-05	0.000289518
2.16E-05	0.000323595
2.36E-05	0.000358327
2.68E-05	0.000383566
2.87E-05	0.000443998
2.94E-05	0.000503872
3.52E-05	0.000538018
4.12E-05	0.000586082
4.31E-05	0.000643669
4.43E-05	0.000673711
6.18E-05	0.000728026
6.45E-05	0.000765145
6.71E-05	0.000805262
6.91E-05	0.000856787
7.34E-05	0.000890001
7.50E-05	0.000925956
7.91E-05	0.000966476
8.07E-05	0.001006555
8.34E-05	0.001064497
9.11E-05	0.001109951
9.51E-05	0.001141567
9.93E-05	0.001193483
0.000108823	0.001234367
0.000112038	0.001293503
0.000113812	0.001333362
0.000115531	0.001395376
0.000121088	0.001433544
0.000123758	0.001474205
0.000126016	0.001536388
0.000127981	0.001592527
0.000139063	0.001668148
0.00014007	0.001739548
0.000142421	0.001834254
0.000146081	0.001893608
0.000149665	0.00192749
0.000155826	0.001964002
0.000159647	0.00207717
0.000165188	0.002111367
0.000168907	0.002152622
0.000171355	0.002220642
0.00017594	0.002284913
0.000177606	0.002324989
0.000187894	0.002403272
0.00020493	0.002490993
0.000206461	0.002548125
0.000221703	0.002612695
0.000222625	0.002684771
0.000227372	0.002827703
0.000233518	0.002955625
0.000260012	0.003086693
0.000260678	0.003176
0.000261561	0.003225075
0.000265739	0.00331021
0.000270805	0.003425704
0.000271428	0.003490966
0.000274046	0.003562791
0.000275899	0.003613955
0.000284882	0.003714547
0.000287035	0.003788654
0.000294982	0.00389999
0.000357565	0.004027459
0.000369239	0.004100242
0.000371315	0.004203961
0.000372197	0.004283613
0.000373164	0.004337847
0.000381329	0.004402529
0.000382682	0.004526142
0.000393409	0.004590435
0.000395446	0.004643278
0.000396047	0.004709722
0.000406726	0.004848561
0.000410097	0.004930586
0.0004111	0.005179023
0.000446691	0.005282794
0.000459703	0.005346915
0.000461869	0.005458213
0.000479357	0.005516702
0.000479713	0.005619186
0.000486541	0.005672667
0.000505559	0.00580718
0.00050902	0.005983784
0.00050902	0.006028293
0.00051307	0.006328507
0.000518091	0.006393744
0.000521475	0.006459105
0.000527266	0.006649212
0.000546625	0.006742688
0.000604941	0.006843026
0.000610707	0.006957227
0.000612785	0.007012185
0.000631838	0.007100059
0.000659008	0.007177215
0.000660875	0.007272921
0.000670712	0.007314341
0.000672576	0.007407835
0.000673832	0.00748414
0.000679751	0.007530218
0.00068037	0.007588011
0.000685423	0.007723408
0.000714386	0.007835177
0.000723601	0.00793606
0.000724817	0.008093664
0.000736592	0.008151906
0.000738945	0.008283721
0.000753448	0.008332317
0.000756578	0.008416743
0.000773015	0.008543629
0.000775813	0.008650841
0.000795888	0.008758117
0.000799406	0.008866747
0.00080314	0.008926272
0.000810577	0.008989985
0.00082227	0.009228768
0.000842021	0.009280207
0.000846107	0.009360318
0.00085841	0.009518531
0.000870634	0.009572251
0.000885882	0.009738641
0.000895912	0.009835322
0.00090217	0.009908954
0.00090282	0.010012419
0.000909344	0.010117173
0.000913571	0.010205304
0.000916718	0.010295308
0.000919891	0.010386798
0.000925252	0.010434673
0.000955967	0.010604287
0.000964442	0.010742134
0.000968274	0.010796305
0.000968274	0.010924695
0.000976617	0.010984233
0.000982453	0.011057174
0.000985478	0.011144328
0.00100085	0.011188772
0.001003641	0.011255199
0.00102848	0.011358646
0.001030437	0.011414868
0.001042213	0.011484984
0.001045129	0.011638086
0.001048671	0.011698807
0.001051424	0.011764496
0.001058858	0.011826395
0.001066124	0.011927797
0.00107404	0.012027249
0.001078426	0.012136274
0.001116288	0.0122573
0.001137777	0.012426674
0.001149404	0.012595108
0.001161229	0.012695833
0.001181154	0.012770056
0.001212815	0.012912136
0.001213799	0.013043461
0.001224591	0.013191013
0.00123482	0.013376267
0.001247643	0.013495511
0.001270739	0.013665138
0.001305054	0.013759408
0.001324578	0.013950971
0.001330945	0.01402532
0.001351916	0.014207469
0.001372325	0.014433829
0.001395403	0.014604058
0.001431807	0.014754258
0.001436768	0.014825314
0.001437787	0.014945181
0.001466137	0.015266468
0.001488524	0.015402695
0.001505287	0.01555717
0.001517968	0.015658951
0.00153909	0.015885678
0.001549628	0.016035884
0.001564429	0.016160081
0.001587235	0.016384776
0.001612749	0.016477621
0.001658665	0.016606953
0.001663309	0.016831886
0.001665964	0.016902081
0.001667498	0.016971515
0.001687213	0.017074923
0.001720875	0.017219598
0.001758462	0.017416594
0.001758756	0.017676153
0.001773731	0.017850927
0.001775904	0.01792691
0.001787115	0.018091252
0.001797224	0.018202737
0.001824066	0.018411482
0.00188181	0.0186467
0.001890093	0.01875411
0.001897973	0.019027501
0.001913811	0.019183039
0.001920919	0.019299897
0.001924798	0.019437956
0.001943828	0.019609599
0.001952861	0.019787399
0.00195584	0.019950558
0.001959387	0.020062251
0.001969727	0.020126669
0.001976582	0.020250519
0.001991029	0.020409245
0.001999655	0.020500787
0.002007423	0.020754247
0.002040126	0.020933599
0.002065163	0.021108277
0.002074065	0.021318148
0.002104998	0.02169405
0.002111724	0.02197229
0.002138493	0.02252978
0.002143769	0.022769995
0.002197789	0.023277082
0.00222223	0.023378656
0.002233681	0.023547233
0.002257756	0.02421443
0.002267861	0.024308967
0.002271642	0.024566828
0.002302614	0.024709695
0.002349686	0.02488817
0.002379171	0.025051727
0.002397096	0.025241217
0.002405981	0.025366208
0.002416931	0.025570091
0.002432426	0.025781389
0.002445469	0.026189198
0.002464181	0.026358521
0.002500201	0.026607556
0.002510332	0.026726191
0.002513537	0.026908415
0.002530326	0.027226203
0.002555549	0.027436165
0.002573344	0.02774802
0.002580799	0.027873144
0.002590904	0.028008893
0.002597802	0.028245352
0.002610502	0.028373259
0.002627385	0.028476541
0.002636774	0.028531731
0.002646374	0.028717978
0.002669502	0.028867086
0.002682113	0.028978576
0.002705652	0.02925106
0.002749478	0.029600908
0.002759121	0.029708309
0.002786979	0.029919824
0.00282204	0.030791313
0.002867558	0.031068893
0.002921766	0.031300944
0.002928995	0.031532484
0.002971937	0.031686088
0.002996971	0.031854246
0.003002398	0.032064048
0.003022952	0.032491568
0.003041245	0.03268043
0.003056846	0.032771573
0.003070605	0.033079247
0.003149255	0.033220471
0.003156865	0.033317057
0.003186447	0.033699488
0.00320532	0.034169128
0.003216321	0.034338426
0.003231415	0.034950803
0.003241472	0.035325989
0.003255902	0.035580329
0.003279692	0.035886354
0.003312925	0.036110488
0.003341389	0.036220512
0.003359273	0.036518181
0.003366266	0.036659368
0.003411896	0.036850964
0.003519287	0.037114061
0.003523995	0.037307547
0.00356523	0.037540774
0.003613078	0.037792648
0.003669859	0.037901236
0.003697352	0.038096217
0.003724809	0.038559252
0.003743462	0.039191817
0.003797741	0.039729073
0.003812253	0.039940643
0.003832829	0.040344683
0.003957262	0.040545438
0.003958203	0.040776993
0.003992327	0.041578301
0.004029199	0.041702184
0.004107662	0.042057066
0.004265702	0.042260967
0.004324863	0.042949293
0.004489991	0.043282031
0.004496178	0.043552219
0.00455094	0.043915039
0.004557983	0.044064598
0.004564863	0.044391185
0.004665644	0.044685237
0.004745578	0.045140185
0.004771818	0.045261682
0.004796312	0.045559694
0.004828353	0.04605741
0.004846681	0.046206485
0.004849889	0.046710289
0.00488008	0.046897872
0.004906281	0.047290901
0.005000348	0.048341173
0.005025201	0.048560854
0.00506916	0.048813744
0.005092032	0.049126545
0.005113002	0.049504678
0.005126207	0.049901075
0.005152252	0.050103325
0.005165078	0.050297005
0.005220773	0.050833065
0.005254133	0.051261388
0.005275675	0.051441397
0.005323997	0.05167673
0.005347919	0.052122226
0.005476845	0.052716163
0.00550796	0.052994375
0.005520127	0.053301495
0.005529523	0.053705518
0.005577655	0.05399684
0.005636399	0.054393712
0.005691274	0.055182191
0.00570711	0.05568583
0.005859609	0.056188992
0.005911622	0.056978057
0.005992254	0.057352448
0.006060803	0.058143121
0.006092514	0.058406631
0.006360629	0.059742566
0.006437127	0.060017267
0.006456488	0.060539984
0.006478007	0.061044371
0.00655057	0.061396636
0.006689966	0.061657771
0.006723028	0.06225995
0.008184726	0.064026739
0.008320888	0.065247044
0.008665951	0.067050374
0.008759592	0.067492547
0.008797268	0.067919633
0.009082613	0.0683976
0.00910463	0.068761358
0.009119732	0.069292284
0.009163854	0.069582089
0.009277036	0.070074971
0.009360973	0.070635562
0.009516126	0.070914313
0.009535806	0.072232065
0.009639107	0.073126891
0.009709902	0.073673452
0.009758405	0.077535186
0.009788535	0.078174749
0.009950479	0.078468482
0.009961868	0.078751928
0.010058945	0.079231023
0.010125335	0.079621581
0.010324986	0.080698286
0.010414146	0.080984357
0.01047641	0.081214373
0.010554146	0.082112534
0.010590712	0.083503217
0.010629125	0.084001573
0.010726192	0.085308742
0.010808505	0.08661423
0.01088414	0.087149445
0.010981453	0.087657197
0.011010997	0.088015496
0.011161288	0.088531541
0.011244377	0.089298037
0.01129196	0.089594746
0.011755193	0.091483855
0.012042595	0.095826816
0.012106735	0.096144052
0.012527164	0.098091402
0.012569882	0.099203902
0.012635576	0.10061761
0.012652595	0.101021085
0.012730521	0.10228017
0.012786877	0.104250489
0.012816778	0.104567781
0.012856229	0.107134743
0.013306987	0.109939044
0.01334979	0.110205967
0.013450123	0.11301525
0.013479167	0.113402347
0.013491797	0.11374597
0.013576979	0.115402219
0.013692009	0.116082462
0.013719851	0.116753927
0.013742534	0.119787852
0.013834168	0.120992853
0.013968723	0.121536128
0.014122879	0.122226624
0.014220359	0.125523568
0.014331483	0.125905893
0.014361193	0.126369324
0.014510216	0.12760784
0.014659201	0.128449283
0.014778933	0.128831448
0.01486869	0.13271399
0.014993951	0.136795166
0.015400877	0.140347397
0.015670187	0.141753429
0.015889008	0.143704492
0.015985871	0.144637611
0.016202001	0.14714732
0.016238145	0.148086629
0.016347875	0.148487457
0.01673467	0.150849853
0.016976493	0.151815777
0.017092674	0.152906153
0.017199042	0.154008244
0.017540353	0.154951804
0.018908959	0.156843102
0.018964606	0.157136745
0.019053766	0.159875416
0.019224308	0.162491578
0.019310482	0.163354845
0.019616163	0.164650291
0.01981834	0.171914093
0.020452655	0.173200352
0.02140386	0.17481977
0.021464229	0.175617098
0.021634343	0.176093665
0.021954719	0.176635495
0.023975664	0.179108441
0.024224804	0.179735924
0.027000994	0.18624738
0.027529406	0.196526851
0.027557186	0.197021437
0.02767929	0.19804645
0.028147648	0.198964903
0.028279575	0.203906797
0.028330467	0.204541655
0.029612043	0.207828896
0.029758774	0.211551727
0.029923641	0.212576563
0.030045229	0.213281911
0.03018402	0.214312748
0.030532145	0.215916221
0.032689071	0.224208928
0.033058895	0.226824602
0.033194912	0.229191154
0.034759022	0.232146384
0.035353255	0.234563925
0.035639597	0.235209526
0.03570541	0.23716917
0.038343884	0.240284716
0.039150699	0.241610361
0.039377021	0.242365006
0.039568386	0.243254647
0.039746554	0.246161465
0.039937312	0.24855365
0.041165636	0.25351225
0.041870255	0.25652245
0.042525228	0.262546687
0.043057886	0.268427308
0.043216421	0.270347774
0.043496288	0.27344308
0.043757461	0.2742648
0.04427318	0.279173748
0.047639557	0.286446727
0.048080945	0.287927019
0.048144524	0.288696884
0.051811581	0.293514108
0.052772902	0.308832929
0.0530355	0.312742372
0.0532217	0.313613624
0.054851779	0.321517645
0.057318384	0.325358415
0.057754865	0.327000517
0.058266559	0.32947084
0.058787017	0.331062679
0.061421672	0.334899365
0.062757075	0.337811738
0.065445604	0.345418357
0.066563529	0.347420131
0.07139997	0.358988317
0.071714742	0.359959458
0.072533607	0.361272869
0.074746068	0.367581046
0.077651847	0.374460559
0.078859725	0.384112553
0.081588988	0.389488782
0.081981001	0.390179856
0.083659593	0.392128457
0.085105024	0.39786767
0.085408891	0.401271968
0.08860197	0.40389269
0.089079992	0.408222774
0.090115384	0.41769723
0.09089986	0.424332221
0.091443622	0.426424516
0.091909448	0.427663887
0.09331691	0.438992304
0.094008329	0.4417003
0.094620239	0.444367633
0.095978593	0.460844607
0.097917237	0.46388869
0.099561689	0.468192078
0.101273557	0.478731944
0.102654839	0.489344569
0.105581898	0.494868907
0.105825191	0.496614035
0.107656488	0.510271474
0.111293363	0.515568379
0.117740661	0.52902182
0.118702968	0.532581055
0.120864584	0.535687738
0.127425994	0.547564192
0.12927456	0.552220933
0.129621926	0.554108712
0.13441019	0.566108862
0.140009735	0.575349498
0.140783633	0.583305783
0.141888058	0.585028316
0.142803894	0.588843843
0.147433982	0.594375026
0.150715554	0.596826366
0.153548926	0.604596776
0.155439646	0.606668251
0.165216056	0.620308542
0.167988365	0.639803247
0.173791796	0.645592933
0.180481429	0.655295957
0.187545652	0.658023366
0.194458349	0.666947925
0.200643011	0.671810088
0.202866718	0.679663188
0.20552292	0.682790321
0.212712742	0.691083262
0.219263695	0.697536765
0.224059671	0.702195395
0.234207694	0.713372402
0.244598011	0.71626001
0.252973197	0.735332142
0.258553624	0.742261508
0.275638307	0.745688704
0.296249196	0.75020786
0.315047584	0.764512383
0.326308966	0.769512859
0.336080843	0.774950471
0.340730343	0.780219562
0.344245174	0.783938985
0.348006355	0.789177587
0.372749093	0.800832435
0.387404444	0.816582
0.400978781	0.820835766
0.408679499	0.824272115
0.420104864	0.828777189
0.439216934	0.831751302
0.445797783	0.837443795
0.464599471	0.84806486
0.495783685	0.860165704
0.505770375	0.863888528
0.536812777	0.871029277
0.556971886	0.882762619
0.586221005	0.890316019
0.622189687	0.898510577
0.668197918	0.906888142
0.697697587	0.910329043
0.747666257	0.921009567
0.786572684	0.93573436
0.869364274	0.956260605
0.926386668	0.976222581
1	1
