FP-non-inferning	TP-non-inferning
0	0
0	1.56E-05
0	3.57E-05
2.94E-07	5.72E-05
8.83E-07	8.22E-05
8.83E-07	0.000114103
8.83E-07	0.000159466
2.53E-06	0.000194895
4.37E-06	0.000239809
5.27E-06	0.000288233
6.68E-06	0.000364743
9.09E-06	0.000422024
1.18E-05	0.000476814
1.18E-05	0.000577376
1.31E-05	0.000637787
1.74E-05	0.000708497
1.90E-05	0.000759629
1.96E-05	0.000836756
2.17E-05	0.000934837
2.23E-05	0.001018591
2.88E-05	0.001209909
2.95E-05	0.001321164
3.35E-05	0.00140957
3.57E-05	0.001458914
3.84E-05	0.001512528
3.97E-05	0.001567103
4.67E-05	0.00162746
4.83E-05	0.001711527
5.56E-05	0.001781434
5.76E-05	0.001833171
6.61E-05	0.001923436
6.70E-05	0.002109408
6.91E-05	0.002140332
7.64E-05	0.00222115
7.78E-05	0.0022796
8.02E-05	0.002348109
8.71E-05	0.002406898
9.18E-05	0.002488292
9.24E-05	0.002573535
9.61E-05	0.002680384
0.000107936	0.002749768
0.000110521	0.002822084
0.000113244	0.002872118
0.00011627	0.002920486
0.00011842	0.003005691
0.000119309	0.003077603
0.000122266	0.003162442
0.000130936	0.003210865
0.000134404	0.003294656
0.000134718	0.003383198
0.000135337	0.003475581
0.000136351	0.003531642
0.000144556	0.003631618
0.000145157	0.003673958
0.000147034	0.003714549
0.000150433	0.00391959
0.000155165	0.003965235
0.000159395	0.004067279
0.000162846	0.004147314
0.000172846	0.004311057
0.000177652	0.004376028
0.000179337	0.004511173
0.000181161	0.004569884
0.00018569	0.004642068
0.000191376	0.004743019
0.000194161	0.004834038
0.000196637	0.004909773
0.000199109	0.005025935
0.000200127	0.005156049
0.00020399	0.005214091
0.000207773	0.005338688
0.000210927	0.005438957
0.000215593	0.005525221
0.000223706	0.005612404
0.000223706	0.005712005
0.000227033	0.005763911
0.000229874	0.005905926
0.00023023	0.006028438
0.000238025	0.00616616
0.000239261	0.006251375
0.000240494	0.006374554
0.000247174	0.006452641
0.000248506	0.006620916
0.000251077	0.006694977
0.000272898	0.006885554
0.000276834	0.00702148
0.000282323	0.007103208
0.000284579	0.007181137
0.000286634	0.00726693
0.000288497	0.007355485
0.000293195	0.007501768
0.000305806	0.007638917
0.000318993	0.007791556
0.000323459	0.007860189
0.000330729	0.007950545
0.000337314	0.008071508
0.000345864	0.008180166
0.000352134	0.008225794
0.000353032	0.008288588
0.000357631	0.008362917
0.000367821	0.008445644
0.000386403	0.008556102
0.000389457	0.008610891
0.000392905	0.008672998
0.000396901	0.008746924
0.000423684	0.008841466
0.000424304	0.009154871
0.000435357	0.009566164
0.000446717	0.009635626
0.000451671	0.009776093
0.000465518	0.00990746
0.00049349	0.009983972
0.000502862	0.010108735
0.000507854	0.010226102
0.000511138	0.010343248
0.00051563	0.010507325
0.000521764	0.010736613
0.000546573	0.011209471
0.000550881	0.01134126
0.000555454	0.011459662
0.000558309	0.011596196
0.000560742	0.011739946
0.000567646	0.011836764
0.000625321	0.012155069
0.000644074	0.012242822
0.000668884	0.012416361
0.000671791	0.012648666
0.000675516	0.012783552
0.000678491	0.012857066
0.000681763	0.01293486
0.000691931	0.013046967
0.000696181	0.013154578
0.000703101	0.013349466
0.000723268	0.01347076
0.000742615	0.013723755
0.000742967	0.013896108
0.000748838	0.014067024
0.000779962	0.014256727
0.000784094	0.014363385
0.000796109	0.014450591
0.000808952	0.014532434
0.000837824	0.01475947
0.000840235	0.014822349
0.000843173	0.014916925
0.000847215	0.015083172
0.000854762	0.015243165
0.000867521	0.015390506
0.00088412	0.015479799
0.000889723	0.015627885
0.000907451	0.0158162
0.00094015	0.015939626
0.000947401	0.016429525
0.000949568	0.016941269
0.00095651	0.017033172
0.000957598	0.017561643
0.000958849	0.017695189
0.000961002	0.017829723
0.000985252	0.018480015
0.001004678	0.018615135
0.00101715	0.018762351
0.001032569	0.019236528
0.001052734	0.019486451
0.001053043	0.019645225
0.001069693	0.019742032
0.001076855	0.019884712
0.001083073	0.020035418
0.001087894	0.020126405
0.001132246	0.020354899
0.00113435	0.020454163
0.001153615	0.020790426
0.001161378	0.020899062
0.001168718	0.020960423
0.001178816	0.021094198
0.001193934	0.021291059
0.001195583	0.021448153
0.001223792	0.021639541
0.001230011	0.021732565
0.001244287	0.021891608
0.001291415	0.02232305
0.001320587	0.022490827
0.001323045	0.022646201
0.001373108	0.022811047
0.001380888	0.022899636
0.001402334	0.022968523
0.001402628	0.023099778
0.001446049	0.023579505
0.001472366	0.023886259
0.00149055	0.024155464
0.001498659	0.024245136
0.001514872	0.024340053
0.001515794	0.024912573
0.00156293	0.025633698
0.001569963	0.025789203
0.001575926	0.026429939
0.001614734	0.02653271
0.00161877	0.026591373
0.001635067	0.026910964
0.001739672	0.027112436
0.00174534	0.027249671
0.001750904	0.027365937
0.001757906	0.027526487
0.001786296	0.027641038
0.001799879	0.027775541
0.001804865	0.027903555
0.001813384	0.028023596
0.001816932	0.028109792
0.001835436	0.028515948
0.001843313	0.029203686
0.001870326	0.029396109
0.00190748	0.029559131
0.001926724	0.029634621
0.001947109	0.029691106
0.00197853	0.029862633
0.001991131	0.030007698
0.002018261	0.030161435
0.002023468	0.030617126
0.002027453	0.030779089
0.002031928	0.031118035
0.0020536	0.031265685
0.002106042	0.031870258
0.002136462	0.03203035
0.002140353	0.032183145
0.002155791	0.032595012
0.002167024	0.032807701
0.002252201	0.033092306
0.002262197	0.033347639
0.002271623	0.033536228
0.002283814	0.033733916
0.002429112	0.034226353
0.002443175	0.034367619
0.002468749	0.034864989
0.002477769	0.035004834
0.00250337	0.035096332
0.002507844	0.035234284
0.002516963	0.035317108
0.002543013	0.035440066
0.002551602	0.035684882
0.002551602	0.035750939
0.002568091	0.035855511
0.00257274	0.035960561
0.002608524	0.036340089
0.002621177	0.036425883
0.002629623	0.036640359
0.002724444	0.036800528
0.002748237	0.036877821
0.002761646	0.037007507
0.002784511	0.037328183
0.002790784	0.037625532
0.002841491	0.037919366
0.002862271	0.038437544
0.002894929	0.038643612
0.002929852	0.038722822
0.002933496	0.038924242
0.002996992	0.039080136
0.003015776	0.039293206
0.003030754	0.039540592
0.003032641	0.039615895
0.00328718	0.03979199
0.00329134	0.039877293
0.003425412	0.04011035
0.003427592	0.040364032
0.003441129	0.040531553
0.003519918	0.04075062
0.003552297	0.040893351
0.003566022	0.0410529
0.003569172	0.041463361
0.003655809	0.041789941
0.003891268	0.042253415
0.003936213	0.042550217
0.003998378	0.042892744
0.004040422	0.043084736
0.004078034	0.043212687
0.00408636	0.04358819
0.004105047	0.043813947
0.004120829	0.044045304
0.004157478	0.044344883
0.004158461	0.044441078
0.004223113	0.044835429
0.004243206	0.044998247
0.004254534	0.045136603
0.004279342	0.04536714
0.004283407	0.045498736
0.004316987	0.04576416
0.004343895	0.045913265
0.004345778	0.046046016
0.004359166	0.046163396
0.004365849	0.046322902
0.004431566	0.046775211
0.004432177	0.046865171
0.004442248	0.047401561
0.004514452	0.047572629
0.004520808	0.047743795
0.004537277	0.048075457
0.00457046	0.048340027
0.004600086	0.049339932
0.004819804	0.04955101
0.004857695	0.049668759
0.004858637	0.04976689
0.004904623	0.049986225
0.004910391	0.050181717
0.004932144	0.050342103
0.004954068	0.050449065
0.004976074	0.050635821
0.004990348	0.050999834
0.005111675	0.051646047
0.005118665	0.051845483
0.005142478	0.051983632
0.005183694	0.052175164
0.005186826	0.052347647
0.00525756	0.052593987
0.005261236	0.052816615
0.005270316	0.052961362
0.005279739	0.05344599
0.005291243	0.05388304
0.005300535	0.054056695
0.005353324	0.054155946
0.005357311	0.054253444
0.005389861	0.054427644
0.005429881	0.054628225
0.005449819	0.055066289
0.005495266	0.055663762
0.005538657	0.05595495
0.005603047	0.056185346
0.005630891	0.056319094
0.005743974	0.056697005
0.005791582	0.0571306
0.005808983	0.057278371
0.005880315	0.057453485
0.0059177	0.057647099
0.006060749	0.057922806
0.006076808	0.058152283
0.006115065	0.058529044
0.00614347	0.058698274
0.006166125	0.058977906
0.0063619	0.060058691
0.00637373	0.060307259
0.006425979	0.060540435
0.006464243	0.06071212
0.006518359	0.061084465
0.006541118	0.061250341
0.006612931	0.061720697
0.006851017	0.062195212
0.006954342	0.063132697
0.007007945	0.063320009
0.007091071	0.063641211
0.007144106	0.063896416
0.007203743	0.065498729
0.007234222	0.065726007
0.007300359	0.067743297
0.007332782	0.068745227
0.007348596	0.069014253
0.007525601	0.069758705
0.008067565	0.07066878
0.00819233	0.0717224
0.008256797	0.072128678
0.008273528	0.072427682
0.008324232	0.07285378
0.008362231	0.073915452
0.008451162	0.07490286
0.008463297	0.075261612
0.008825685	0.075973254
0.008856728	0.076156142
0.008887502	0.076334139
0.008919944	0.076644071
0.008996732	0.077255904
0.009020023	0.077545716
0.009100927	0.078185635
0.009178161	0.078723868
0.010118025	0.080212176
0.010162238	0.080724632
0.010203039	0.081420477
0.010272916	0.081648583
0.010367667	0.082209055
0.010424888	0.082415983
0.010760858	0.083202993
0.010832005	0.084426137
0.010927843	0.084947858
0.011038379	0.085295361
0.011120945	0.08670376
0.011195951	0.086960517
0.01120628	0.087619631
0.01147082	0.088020652
0.011526011	0.088478042
0.012003909	0.089035415
0.012318312	0.089899747
0.012435345	0.092440972
0.01277447	0.093721289
0.013000847	0.095063337
0.013098481	0.095826917
0.013219976	0.096124425
0.013292555	0.096549404
0.013391097	0.097078839
0.013523541	0.097696645
0.013641313	0.099120836
0.013712849	0.10128104
0.013775432	0.101647264
0.014130539	0.103412008
0.014173901	0.103902547
0.014280137	0.104810347
0.014321609	0.105157303
0.014492221	0.106585769
0.014654877	0.110642237
0.015156985	0.111692189
0.015323353	0.112460718
0.015407348	0.114592314
0.016264247	0.116664031
0.016431273	0.11778838
0.016491556	0.11865181
0.016555548	0.119034327
0.016613809	0.120917813
0.016636266	0.121375621
0.01669605	0.12637048
0.017331181	0.127401532
0.017910409	0.131888118
0.018032079	0.132851302
0.018543551	0.134429552
0.018616755	0.134672307
0.018934886	0.138385584
0.020565035	0.140889402
0.021234789	0.143335225
0.022300343	0.145409821
0.023151878	0.147171604
0.023487862	0.148613997
0.023742654	0.154588514
0.024217544	0.156045701
0.024550109	0.158498742
0.02473231	0.15881134
0.024860679	0.159857953
0.024881663	0.160777412
0.025137014	0.161706803
0.025291419	0.163333329
0.025374599	0.164172343
0.025520877	0.167080724
0.025647465	0.17379049
0.02570301	0.178553189
0.025998703	0.179735989
0.026135086	0.180513038
0.027452472	0.182781798
0.029646797	0.18600584
0.029710784	0.188499552
0.031701559	0.193328551
0.032599669	0.196230708
0.032730795	0.197836609
0.033765729	0.204874862
0.033850623	0.205730055
0.034226277	0.207696088
0.034712597	0.217491498
0.036465869	0.223022477
0.036551795	0.223670535
0.036692587	0.225769727
0.036905064	0.229356329
0.037023672	0.230124796
0.037348367	0.231591147
0.038236647	0.234407368
0.038567039	0.240955138
0.038645195	0.242207314
0.038724496	0.243164221
0.03911715	0.246317685
0.039832956	0.247547438
0.041662922	0.2498702
0.041817922	0.250923989
0.042160515	0.251443537
0.042700415	0.25367031
0.043712341	0.257581089
0.04433644	0.260247466
0.045453237	0.261838339
0.046196788	0.263380251
0.04635161	0.264592754
0.046480855	0.265982244
0.046899848	0.270771492
0.047021705	0.276256959
0.047760114	0.284892596
0.052300592	0.293851873
0.05248194	0.295759031
0.053074513	0.297176828
0.053522734	0.300522069
0.053734024	0.302453465
0.054589524	0.311666299
0.054951071	0.316949472
0.055705903	0.320685791
0.057293278	0.323731019
0.057945727	0.332836777
0.060109606	0.347259686
0.060285901	0.348564129
0.061080918	0.350246009
0.061330682	0.351067733
0.062419034	0.356467735
0.064000221	0.362135349
0.064626128	0.36499373
0.065383432	0.368962598
0.065785832	0.3703938
0.066854366	0.37353676
0.067620147	0.376468671
0.067955379	0.380340729
0.068454429	0.383487389
0.069506579	0.387028343
0.071651815	0.396688074
0.074292431	0.408816459
0.077232036	0.41940575
0.077733362	0.424018896
0.078363091	0.431555873
0.079269729	0.435484743
0.082880143	0.440737558
0.083995871	0.442705711
0.084537551	0.457469497
0.085567524	0.460510936
0.086184391	0.462233504
0.087131447	0.465364175
0.088287891	0.467996076
0.089058639	0.471767197
0.089508305	0.473521827
0.090815342	0.477704812
0.092118507	0.481250878
0.093186059	0.498256845
0.094136383	0.506537774
0.094345749	0.507848757
0.097132129	0.515511194
0.101602629	0.522482243
0.104826537	0.538469834
0.108867663	0.549132026
0.110340241	0.554929486
0.11100136	0.567026258
0.113569347	0.571897894
0.114564188	0.574905718
0.119224675	0.580503535
0.130858367	0.591540935
0.131587112	0.59564624
0.13278492	0.598441335
0.134676044	0.601398507
0.135672738	0.602751804
0.137126231	0.61212153
0.139666336	0.615616286
0.142189234	0.621211209
0.144077878	0.625015706
0.149732112	0.627841378
0.153398394	0.633553317
0.160072943	0.636571289
0.16202642	0.640552458
0.162813114	0.642498454
0.177216718	0.655435452
0.178575734	0.657606423
0.180710637	0.661498243
0.192399237	0.665727399
0.199390054	0.672733349
0.202269686	0.68668109
0.208399667	0.692629349
0.2130359	0.700896351
0.230764898	0.713476775
0.23901233	0.718822676
0.241033839	0.72419261
0.254491316	0.728432492
0.275674306	0.736558101
0.303524202	0.74690492
0.312317557	0.758571141
0.3227242	0.767706611
0.331581784	0.771116916
0.355420147	0.78145532
0.360016982	0.786518361
0.367865335	0.791691649
0.383928711	0.799300656
0.389765306	0.807021909
0.40262584	0.81008728
0.41037478	0.818656262
0.427911046	0.829897639
0.457451917	0.836721822
0.488638277	0.844483792
0.49381597	0.850203653
0.54281559	0.85763698
0.568837635	0.875384915
0.631006135	0.899277439
0.672276428	0.909993672
0.706910341	0.928571978
0.760675349	0.936561188
0.799743107	0.947118397
0.904425307	0.985880934
1	1
